21:00:31 **** Build of configuration Debug for project pololu 3pi ****
make all 
Building file: ../main.cc
Invoking: AVR C++ Compiler
avr-g++ -Wall -g2 -gstabs -O0 -fpack-struct -fshort-enums -funsigned-char -funsigned-bitfields -fno-exceptions -mmcu=atmega328p -DF_CPU=20000000UL -MMD -MP -MF"main.d" -MT"main.d" -c -o "main.o" "../main.cc"
Finished building: ../main.cc
 
Building target: pololu 3pi.elf
Invoking: AVR C++ Linker
avr-g++ -Wl,-Map,pololu 3pi.map,--cref -mmcu=atmega328p -o "pololu 3pi.elf"  ./main.o   -lpololu_atmega328
avr-g++: 3pi.map,--cref: No such file or directory
make: *** [pololu 3pi.elf] Error 1
21:01:41 **** Incremental Build of configuration Debug for project pololu 3pi ****
make all 
Building target: pololu 3pi.elf
Invoking: AVR C++ Linker
avr-g++ -Wl,-Map,pololu 3pi.map,--cref -mmcu=atmega328p -o "pololu 3pi.elf"  ./main.o   -lpololu_atmega328
avr-g++: 3pi.map,--cref: No such file or directory
make: *** [pololu 3pi.elf] Error 1
21:02:34 **** Incremental Build of configuration Debug for project pololu 3pi ****
make all 
Building target: pololu 3pi.elf
Invoking: AVR C++ Linker
avr-g++ -Wl,-Map,pololu 3pi.map,--cref -mmcu=atmega328p -o "pololu 3pi.elf"  ./main.o   -lpololu_atmega328p
avr-g++: 3pi.map,--cref: No such file or directory
make: *** [pololu 3pi.elf] Error 1
21:04:55 **** Incremental Build of configuration Debug for project pololu 3pi ****
make all 
Building target: pololu 3pi.elf
Invoking: AVR C++ Linker
avr-g++ -Wl,-Map,pololu 3pi.map,--cref -mmcu=atmega328p -o "pololu 3pi.elf"  ./main.o   -lpololu_atmega328p
avr-g++: 3pi.map,--cref: No such file or directory
make: *** [pololu 3pi.elf] Error 1
21:08:08 **** Build of configuration Debug for project pololu3pi ****
make all 
Building file: ../main.cc
Invoking: AVR C++ Compiler
avr-g++ -Wall -g2 -gstabs -O0 -fpack-struct -fshort-enums -funsigned-char -funsigned-bitfields -fno-exceptions -mmcu=atmega328p -DF_CPU=20000000UL -MMD -MP -MF"main.d" -MT"main.d" -c -o "main.o" "../main.cc"
Finished building: ../main.cc
 
Building target: pololu3pi.elf
Invoking: AVR C++ Linker
avr-g++ -Wl,-Map,pololu3pi.map,--cref -mmcu=atmega328p -o "pololu3pi.elf"  ./main.o   -lpololu_328p
/usr/local/CrossPack-AVR-20120217/lib/gcc/avr/4.5.1/../../../../avr/bin/ld: cannot find -lpololu_328p
collect2: ld returned 1 exit status
make: *** [pololu3pi.elf] Error 1
21:08:49 **** Incremental Build of configuration Debug for project pololu3pi ****
make all 
Building target: pololu3pi.elf
Invoking: AVR C++ Linker
avr-g++ -Wl,-Map,pololu3pi.map,--cref -mmcu=atmega328p -o "pololu3pi.elf"  ./main.o   -lpololu_atmega328p
Finished building target: pololu3pi.elf
 
Invoking: AVR Create Extended Listing
avr-objdump -h -S pololu3pi.elf  >"pololu3pi.lss"
Finished building: pololu3pi.lss
 
Invoking: Print Size
avr-size --format=avr --mcu=atmega328p pololu3pi.elf
AVR Memory Usage
----------------
Device: atmega328p

Program:     142 bytes (0.4% Full)
(.text + .data + .bootloader)

Data:          0 bytes (0.0% Full)
(.data + .bss + .noinit)


Finished building: sizedummy
 
21:09:25 **** Incremental Build of configuration Release for project pololu3pi ****
make all 
Building file: ../main.cc
Invoking: AVR C++ Compiler
avr-g++ -Wall -Os -fpack-struct -fshort-enums -funsigned-char -funsigned-bitfields -fno-exceptions -mmcu=atmega328p -DF_CPU=20000000UL -MMD -MP -MF"main.d" -MT"main.d" -c -o "main.o" "../main.cc"
Finished building: ../main.cc
 
Building target: pololu3pi.elf
Invoking: AVR C++ Linker
avr-g++ -Wl,-Map,pololu3pi.map,--cref -mmcu=atmega328p -o "pololu3pi.elf"  ./main.o   
Finished building target: pololu3pi.elf
 
Invoking: AVR Create Extended Listing
avr-objdump -h -S pololu3pi.elf  >"pololu3pi.lss"
Finished building: pololu3pi.lss
 
Create Flash image (ihex format)
avr-objcopy -R .eeprom -O ihex pololu3pi.elf  "pololu3pi.hex"
Finished building: pololu3pi.hex
 
Create eeprom image (ihex format)
avr-objcopy -j .eeprom --no-change-warnings --change-section-lma .eeprom=0 -O ihex pololu3pi.elf  "pololu3pi.eep"
Finished building: pololu3pi.eep
 
Invoking: Print Size
avr-size --format=avr --mcu=atmega328p pololu3pi.elf
AVR Memory Usage
----------------
Device: atmega328p

Program:     134 bytes (0.4% Full)
(.text + .data + .bootloader)

Data:          0 bytes (0.0% Full)
(.data + .bss + .noinit)


Finished building: sizedummy
 
21:31:33 **** Incremental Build of configuration Release for project pololu3pi ****
make all 
Building file: ../main.cc
Invoking: AVR C++ Compiler
avr-g++ -Wall -Os -fpack-struct -fshort-enums -funsigned-char -funsigned-bitfields -fno-exceptions -mmcu=atmega328p -DF_CPU=20000000UL -MMD -MP -MF"main.d" -MT"main.d" -c -o "main.o" "../main.cc"
../main.cc:8:24: warning: extra tokens at end of #include directive
Finished building: ../main.cc
 
Building target: pololu3pi.elf
Invoking: AVR C++ Linker
avr-g++ -Wl,-Map,pololu3pi.map,--cref -mmcu=atmega328p -o "pololu3pi.elf"  ./main.o   
./main.o: In function `adelante(int)':
main.cc:(.text+0xe): undefined reference to `set_motors'
./main.o: In function `giro(int)':
main.cc:(.text+0x1e): undefined reference to `set_motors'
./main.o: In function `main':
main.cc:(.text+0x3a): undefined reference to `read_trimpot'
main.cc:(.text+0x48): undefined reference to `delay_ms'
main.cc:(.text+0x5e): undefined reference to `delay_ms'
main.cc:(.text+0x64): undefined reference to `wait_for_button_press'
main.cc:(.text+0x6a): undefined reference to `wait_for_button_release'
collect2: ld returned 1 exit status
make: *** [pololu3pi.elf] Error 1
21:32:16 **** Incremental Build of configuration Release for project pololu3pi ****
make all 
Building file: ../main.cc
Invoking: AVR C++ Compiler
avr-g++ -Wall -Os -fpack-struct -fshort-enums -funsigned-char -funsigned-bitfields -fno-exceptions -mmcu=atmega328p -DF_CPU=20000000UL -MMD -MP -MF"main.d" -MT"main.d" -c -o "main.o" "../main.cc"
Finished building: ../main.cc
 
Building target: pololu3pi.elf
Invoking: AVR C++ Linker
avr-g++ -Wl,-Map,pololu3pi.map,--cref -mmcu=atmega328p -o "pololu3pi.elf"  ./main.o   
./main.o: In function `adelante(int)':
main.cc:(.text+0xe): undefined reference to `set_motors'
./main.o: In function `giro(int)':
main.cc:(.text+0x1e): undefined reference to `set_motors'
./main.o: In function `main':
main.cc:(.text+0x3a): undefined reference to `read_trimpot'
main.cc:(.text+0x48): undefined reference to `delay_ms'
main.cc:(.text+0x5e): undefined reference to `delay_ms'
main.cc:(.text+0x64): undefined reference to `wait_for_button_press'
main.cc:(.text+0x6a): undefined reference to `wait_for_button_release'
collect2: ld returned 1 exit status
make: *** [pololu3pi.elf] Error 1
21:33:56 **** Incremental Build of configuration Release for project pololu3pi ****
make all 
Building file: ../main.cc
Invoking: AVR C++ Compiler
avr-g++ -Wall -Os -fpack-struct -fshort-enums -funsigned-char -funsigned-bitfields -fno-exceptions -mmcu=atmega328p -DF_CPU=20000000UL -MMD -MP -MF"main.d" -MT"main.d" -c -o "main.o" "../main.cc"
Finished building: ../main.cc
 
Building target: pololu3pi.elf
Invoking: AVR C++ Linker
avr-g++ -Wl,-Map,pololu3pi.map,--cref -mmcu=atmega328p -o "pololu3pi.elf"  ./main.o   
./main.o: In function `adelante(int)':
main.cc:(.text+0xe): undefined reference to `OrangutanMotors::setSpeeds(int, int)'
./main.o: In function `giro(int)':
main.cc:(.text+0x1e): undefined reference to `set_motors'
./main.o: In function `main':
main.cc:(.text+0x3a): undefined reference to `read_trimpot'
main.cc:(.text+0x48): undefined reference to `delay_ms'
main.cc:(.text+0x5e): undefined reference to `delay_ms'
main.cc:(.text+0x64): undefined reference to `wait_for_button_press'
main.cc:(.text+0x6a): undefined reference to `wait_for_button_release'
collect2: ld returned 1 exit status
make: *** [pololu3pi.elf] Error 1
21:35:30 **** Incremental Build of configuration Release for project pololu3pi ****
make all 
Building file: ../main.cc
Invoking: AVR C++ Compiler
avr-g++ -Wall -Os -fpack-struct -fshort-enums -funsigned-char -funsigned-bitfields -fno-exceptions -mmcu=atmega328p -DF_CPU=20000000UL -MMD -MP -MF"main.d" -MT"main.d" -c -o "main.o" "../main.cc"
Finished building: ../main.cc
 
Building target: pololu3pi.elf
Invoking: AVR C++ Linker
avr-g++ -Wl,-Map,pololu3pi.map,--cref -mmcu=atmega328p -o "pololu3pi.elf"  ./main.o   -lpololu_atmega328p
Finished building target: pololu3pi.elf
 
Invoking: AVR Create Extended Listing
avr-objdump -h -S pololu3pi.elf  >"pololu3pi.lss"
Finished building: pololu3pi.lss
 
Create Flash image (ihex format)
avr-objcopy -R .eeprom -O ihex pololu3pi.elf  "pololu3pi.hex"
Finished building: pololu3pi.hex
 
Create eeprom image (ihex format)
avr-objcopy -j .eeprom --no-change-warnings --change-section-lma .eeprom=0 -O ihex pololu3pi.elf  "pololu3pi.eep"
Finished building: pololu3pi.eep
 
Invoking: Print Size
avr-size --format=avr --mcu=atmega328p pololu3pi.elf
AVR Memory Usage
----------------
Device: atmega328p

Program:    3568 bytes (10.9% Full)
(.text + .data + .bootloader)

Data:         29 bytes (1.4% Full)
(.data + .bss + .noinit)


Finished building: sizedummy
 
21:43:24 **** Incremental Build of configuration Release for project pololu3pi ****
make all 
Building file: ../main.cc
Invoking: AVR C++ Compiler
avr-g++ -Wall -Os -fpack-struct -fshort-enums -funsigned-char -funsigned-bitfields -fno-exceptions -mmcu=atmega328p -DF_CPU=20000000UL -MMD -MP -MF"main.d" -MT"main.d" -c -o "main.o" "../main.cc"
../main.cc:24:11: error: two or more data types in declaration of 'main'
make: *** [main.o] Error 1
21:43:43 **** Incremental Build of configuration Release for project pololu3pi ****
make all 
Building file: ../main.cc
Invoking: AVR C++ Compiler
avr-g++ -Wall -Os -fpack-struct -fshort-enums -funsigned-char -funsigned-bitfields -fno-exceptions -mmcu=atmega328p -DF_CPU=20000000UL -MMD -MP -MF"main.d" -MT"main.d" -c -o "main.o" "../main.cc"
Finished building: ../main.cc
 
Building target: pololu3pi.elf
Invoking: AVR C++ Linker
avr-g++ -Wl,-Map,pololu3pi.map,--cref -mmcu=atmega328p -o "pololu3pi.elf"  ./main.o   -lpololu_atmega328p
Finished building target: pololu3pi.elf
 
Invoking: AVR Create Extended Listing
avr-objdump -h -S pololu3pi.elf  >"pololu3pi.lss"
Finished building: pololu3pi.lss
 
Create Flash image (ihex format)
avr-objcopy -R .eeprom -O ihex pololu3pi.elf  "pololu3pi.hex"
Finished building: pololu3pi.hex
 
Create eeprom image (ihex format)
avr-objcopy -j .eeprom --no-change-warnings --change-section-lma .eeprom=0 -O ihex pololu3pi.elf  "pololu3pi.eep"
Finished building: pololu3pi.eep
 
Invoking: Print Size
avr-size --format=avr --mcu=atmega328p pololu3pi.elf
AVR Memory Usage
----------------
Device: atmega328p

Program:    3574 bytes (10.9% Full)
(.text + .data + .bootloader)

Data:         29 bytes (1.4% Full)
(.data + .bss + .noinit)


Finished building: sizedummy
 
22:06:51 **** Incremental Build of configuration Release for project pololu3pi ****
make all 
Building file: ../main.cc
Invoking: AVR C++ Compiler
avr-g++ -Wall -Os -fpack-struct -fshort-enums -funsigned-char -funsigned-bitfields -fno-exceptions -mmcu=atmega328p -DF_CPU=20000000UL -MMD -MP -MF"main.d" -MT"main.d" -c -o "main.o" "../main.cc"
Finished building: ../main.cc
 
Building target: pololu3pi.elf
Invoking: AVR C++ Linker
avr-g++ -Wl,-Map,pololu3pi.map,--cref -mmcu=atmega328p -o "pololu3pi.elf"  ./main.o   -lpololu_atmega328p
Finished building target: pololu3pi.elf
 
Invoking: AVR Create Extended Listing
avr-objdump -h -S pololu3pi.elf  >"pololu3pi.lss"
Finished building: pololu3pi.lss
 
Create Flash image (ihex format)
avr-objcopy -R .eeprom -O ihex pololu3pi.elf  "pololu3pi.hex"
Finished building: pololu3pi.hex
 
Create eeprom image (ihex format)
avr-objcopy -j .eeprom --no-change-warnings --change-section-lma .eeprom=0 -O ihex pololu3pi.elf  "pololu3pi.eep"
Finished building: pololu3pi.eep
 
Invoking: Print Size
avr-size --format=avr --mcu=atmega328p pololu3pi.elf
AVR Memory Usage
----------------
Device: atmega328p

Program:    6478 bytes (19.8% Full)
(.text + .data + .bootloader)

Data:         72 bytes (3.5% Full)
(.data + .bss + .noinit)


Finished building: sizedummy
 
22:09:40 **** Incremental Build of configuration Release for project pololu3pi ****
make all 
Building file: ../main.cc
Invoking: AVR C++ Compiler
avr-g++ -Wall -Os -fpack-struct -fshort-enums -funsigned-char -funsigned-bitfields -fno-exceptions -mmcu=atmega328p -DF_CPU=20000000UL -MMD -MP -MF"main.d" -MT"main.d" -c -o "main.o" "../main.cc"
Finished building: ../main.cc
 
Building target: pololu3pi.elf
Invoking: AVR C++ Linker
avr-g++ -Wl,-Map,pololu3pi.map,--cref -mmcu=atmega328p -o "pololu3pi.elf"  ./main.o   -lpololu_atmega328p
Finished building target: pololu3pi.elf
 
Invoking: AVR Create Extended Listing
avr-objdump -h -S pololu3pi.elf  >"pololu3pi.lss"
Finished building: pololu3pi.lss
 
Create Flash image (ihex format)
avr-objcopy -R .eeprom -O ihex pololu3pi.elf  "pololu3pi.hex"
Finished building: pololu3pi.hex
 
Create eeprom image (ihex format)
avr-objcopy -j .eeprom --no-change-warnings --change-section-lma .eeprom=0 -O ihex pololu3pi.elf  "pololu3pi.eep"
Finished building: pololu3pi.eep
 
Invoking: Print Size
avr-size --format=avr --mcu=atmega328p pololu3pi.elf
AVR Memory Usage
----------------
Device: atmega328p

Program:    6464 bytes (19.7% Full)
(.text + .data + .bootloader)

Data:         72 bytes (3.5% Full)
(.data + .bss + .noinit)


Finished building: sizedummy
 
22:22:05 **** Incremental Build of configuration Release for project pololu3pi ****
make all 
Building file: ../main.cc
Invoking: AVR C++ Compiler
avr-g++ -Wall -Os -fpack-struct -fshort-enums -funsigned-char -funsigned-bitfields -fno-exceptions -mmcu=atmega328p -DF_CPU=20000000UL -MMD -MP -MF"main.d" -MT"main.d" -c -o "main.o" "../main.cc"
Finished building: ../main.cc
 
Building target: pololu3pi.elf
Invoking: AVR C++ Linker
avr-g++ -Wl,-Map,pololu3pi.map,--cref -mmcu=atmega328p -o "pololu3pi.elf"  ./main.o   -lpololu_atmega328p
Finished building target: pololu3pi.elf
 
Invoking: AVR Create Extended Listing
avr-objdump -h -S pololu3pi.elf  >"pololu3pi.lss"
Finished building: pololu3pi.lss
 
Create Flash image (ihex format)
avr-objcopy -R .eeprom -O ihex pololu3pi.elf  "pololu3pi.hex"
Finished building: pololu3pi.hex
 
Create eeprom image (ihex format)
avr-objcopy -j .eeprom --no-change-warnings --change-section-lma .eeprom=0 -O ihex pololu3pi.elf  "pololu3pi.eep"
Finished building: pololu3pi.eep
 
Invoking: Print Size
avr-size --format=avr --mcu=atmega328p pololu3pi.elf
AVR Memory Usage
----------------
Device: atmega328p

Program:    6504 bytes (19.8% Full)
(.text + .data + .bootloader)

Data:         82 bytes (4.0% Full)
(.data + .bss + .noinit)


Finished building: sizedummy
 
22:32:29 **** Incremental Build of configuration Release for project pololu3pi ****
make all 
Building file: ../main.cc
Invoking: AVR C++ Compiler
avr-g++ -Wall -Os -fpack-struct -fshort-enums -funsigned-char -funsigned-bitfields -fno-exceptions -mmcu=atmega328p -DF_CPU=20000000UL -MMD -MP -MF"main.d" -MT"main.d" -c -o "main.o" "../main.cc"
Finished building: ../main.cc
 
Building target: pololu3pi.elf
Invoking: AVR C++ Linker
avr-g++ -Wl,-Map,pololu3pi.map,--cref -mmcu=atmega328p -o "pololu3pi.elf"  ./main.o   -lpololu_atmega328p
Finished building target: pololu3pi.elf
 
Invoking: AVR Create Extended Listing
avr-objdump -h -S pololu3pi.elf  >"pololu3pi.lss"
Finished building: pololu3pi.lss
 
Create Flash image (ihex format)
avr-objcopy -R .eeprom -O ihex pololu3pi.elf  "pololu3pi.hex"
Finished building: pololu3pi.hex
 
Create eeprom image (ihex format)
avr-objcopy -j .eeprom --no-change-warnings --change-section-lma .eeprom=0 -O ihex pololu3pi.elf  "pololu3pi.eep"
Finished building: pololu3pi.eep
 
Invoking: Print Size
avr-size --format=avr --mcu=atmega328p pololu3pi.elf
AVR Memory Usage
----------------
Device: atmega328p

Program:    5502 bytes (16.8% Full)
(.text + .data + .bootloader)

Data:         80 bytes (3.9% Full)
(.data + .bss + .noinit)


Finished building: sizedummy
 
22:33:06 **** Incremental Build of configuration Release for project pololu3pi ****
make all 
Building file: ../main.cc
Invoking: AVR C++ Compiler
avr-g++ -Wall -Os -fpack-struct -fshort-enums -funsigned-char -funsigned-bitfields -fno-exceptions -mmcu=atmega328p -DF_CPU=20000000UL -MMD -MP -MF"main.d" -MT"main.d" -c -o "main.o" "../main.cc"
Finished building: ../main.cc
 
Building target: pololu3pi.elf
Invoking: AVR C++ Linker
avr-g++ -Wl,-Map,pololu3pi.map,--cref -mmcu=atmega328p -o "pololu3pi.elf"  ./main.o   -lpololu_atmega328p
Finished building target: pololu3pi.elf
 
Invoking: AVR Create Extended Listing
avr-objdump -h -S pololu3pi.elf  >"pololu3pi.lss"
Finished building: pololu3pi.lss
 
Create Flash image (ihex format)
avr-objcopy -R .eeprom -O ihex pololu3pi.elf  "pololu3pi.hex"
Finished building: pololu3pi.hex
 
Create eeprom image (ihex format)
avr-objcopy -j .eeprom --no-change-warnings --change-section-lma .eeprom=0 -O ihex pololu3pi.elf  "pololu3pi.eep"
Finished building: pololu3pi.eep
 
Invoking: Print Size
avr-size --format=avr --mcu=atmega328p pololu3pi.elf
AVR Memory Usage
----------------
Device: atmega328p

Program:    5498 bytes (16.8% Full)
(.text + .data + .bootloader)

Data:         76 bytes (3.7% Full)
(.data + .bss + .noinit)


Finished building: sizedummy
 
22:41:52 **** Incremental Build of configuration Release for project pololu3pi ****
make all 
Building file: ../main.cc
Invoking: AVR C++ Compiler
avr-g++ -Wall -Os -fpack-struct -fshort-enums -funsigned-char -funsigned-bitfields -fno-exceptions -mmcu=atmega328p -DF_CPU=20000000UL -MMD -MP -MF"main.d" -MT"main.d" -c -o "main.o" "../main.cc"
Finished building: ../main.cc
 
Building target: pololu3pi.elf
Invoking: AVR C++ Linker
avr-g++ -Wl,-Map,pololu3pi.map,--cref -mmcu=atmega328p -o "pololu3pi.elf"  ./main.o   -lpololu_atmega328p
Finished building target: pololu3pi.elf
 
Invoking: AVR Create Extended Listing
avr-objdump -h -S pololu3pi.elf  >"pololu3pi.lss"
Finished building: pololu3pi.lss
 
Create Flash image (ihex format)
avr-objcopy -R .eeprom -O ihex pololu3pi.elf  "pololu3pi.hex"
Finished building: pololu3pi.hex
 
Create eeprom image (ihex format)
avr-objcopy -j .eeprom --no-change-warnings --change-section-lma .eeprom=0 -O ihex pololu3pi.elf  "pololu3pi.eep"
Finished building: pololu3pi.eep
 
Invoking: Print Size
avr-size --format=avr --mcu=atmega328p pololu3pi.elf
AVR Memory Usage
----------------
Device: atmega328p

Program:    5506 bytes (16.8% Full)
(.text + .data + .bootloader)

Data:         76 bytes (3.7% Full)
(.data + .bss + .noinit)


Finished building: sizedummy
 
22:45:25 **** Incremental Build of configuration Release for project pololu3pi ****
make all 
Building file: ../main.cc
Invoking: AVR C++ Compiler
avr-g++ -Wall -Os -fpack-struct -fshort-enums -funsigned-char -funsigned-bitfields -fno-exceptions -mmcu=atmega328p -DF_CPU=20000000UL -MMD -MP -MF"main.d" -MT"main.d" -c -o "main.o" "../main.cc"
Finished building: ../main.cc
 
Building target: pololu3pi.elf
Invoking: AVR C++ Linker
avr-g++ -Wl,-Map,pololu3pi.map,--cref -mmcu=atmega328p -o "pololu3pi.elf"  ./main.o   -lpololu_atmega328p
Finished building target: pololu3pi.elf
 
Invoking: AVR Create Extended Listing
avr-objdump -h -S pololu3pi.elf  >"pololu3pi.lss"
Finished building: pololu3pi.lss
 
Create Flash image (ihex format)
avr-objcopy -R .eeprom -O ihex pololu3pi.elf  "pololu3pi.hex"
Finished building: pololu3pi.hex
 
Create eeprom image (ihex format)
avr-objcopy -j .eeprom --no-change-warnings --change-section-lma .eeprom=0 -O ihex pololu3pi.elf  "pololu3pi.eep"
Finished building: pololu3pi.eep
 
Invoking: Print Size
avr-size --format=avr --mcu=atmega328p pololu3pi.elf
AVR Memory Usage
----------------
Device: atmega328p

Program:    5514 bytes (16.8% Full)
(.text + .data + .bootloader)

Data:         76 bytes (3.7% Full)
(.data + .bss + .noinit)


Finished building: sizedummy
 
22:51:57 **** Incremental Build of configuration Release for project pololu3pi ****
make all 
Building file: ../main.cc
Invoking: AVR C++ Compiler
avr-g++ -Wall -Os -fpack-struct -fshort-enums -funsigned-char -funsigned-bitfields -fno-exceptions -mmcu=atmega328p -DF_CPU=20000000UL -MMD -MP -MF"main.d" -MT"main.d" -c -o "main.o" "../main.cc"
Finished building: ../main.cc
 
Building target: pololu3pi.elf
Invoking: AVR C++ Linker
avr-g++ -Wl,-Map,pololu3pi.map,--cref -mmcu=atmega328p -o "pololu3pi.elf"  ./main.o   -lpololu_atmega328p
Finished building target: pololu3pi.elf
 
Invoking: AVR Create Extended Listing
avr-objdump -h -S pololu3pi.elf  >"pololu3pi.lss"
Finished building: pololu3pi.lss
 
Create Flash image (ihex format)
avr-objcopy -R .eeprom -O ihex pololu3pi.elf  "pololu3pi.hex"
Finished building: pololu3pi.hex
 
Create eeprom image (ihex format)
avr-objcopy -j .eeprom --no-change-warnings --change-section-lma .eeprom=0 -O ihex pololu3pi.elf  "pololu3pi.eep"
Finished building: pololu3pi.eep
 
Invoking: Print Size
avr-size --format=avr --mcu=atmega328p pololu3pi.elf
AVR Memory Usage
----------------
Device: atmega328p

Program:    5514 bytes (16.8% Full)
(.text + .data + .bootloader)

Data:         76 bytes (3.7% Full)
(.data + .bss + .noinit)


Finished building: sizedummy
 
22:55:47 **** Incremental Build of configuration Release for project pololu3pi ****
make all 
Invoking: Print Size
avr-size --format=avr --mcu=atmega328p pololu3pi.elf
AVR Memory Usage
----------------
Device: atmega328p

Program:    5514 bytes (16.8% Full)
(.text + .data + .bootloader)

Data:         76 bytes (3.7% Full)
(.data + .bss + .noinit)


Finished building: sizedummy
 
23:24:01 **** Incremental Build of configuration Release for project pololu3pi ****
make all 
Invoking: Print Size
avr-size --format=avr --mcu=atmega328p pololu3pi.elf
AVR Memory Usage
----------------
Device: atmega328p

Program:    5514 bytes (16.8% Full)
(.text + .data + .bootloader)

Data:         76 bytes (3.7% Full)
(.data + .bss + .noinit)


Finished building: sizedummy
 
01:39:27 **** Build of configuration Debug for project pololu3pi ****
make all 
Building file: ../main.cc
Invoking: AVR C++ Compiler
avr-g++ -Wall -g2 -gstabs -O0 -fpack-struct -fshort-enums -funsigned-char -funsigned-bitfields -fno-exceptions -mmcu=atmega328p -DF_CPU=20000000UL -MMD -MP -MF"main.d" -MT"main.d" -c -o "main.o" "../main.cc"
Finished building: ../main.cc
 
Building target: pololu3pi.elf
Invoking: AVR C++ Linker
avr-g++ -Wl,-Map,pololu3pi.map,--cref -mmcu=atmega328p -o "pololu3pi.elf"  ./main.o   -lpololu_atmega328p
Finished building target: pololu3pi.elf
 
Invoking: AVR Create Extended Listing
avr-objdump -h -S pololu3pi.elf  >"pololu3pi.lss"
Finished building: pololu3pi.lss
 
Invoking: Print Size
avr-size --format=avr --mcu=atmega328p pololu3pi.elf
AVR Memory Usage
----------------
Device: atmega328p

Program:    5734 bytes (17.5% Full)
(.text + .data + .bootloader)

Data:         76 bytes (3.7% Full)
(.data + .bss + .noinit)


Finished building: sizedummy
 
18:13:45 **** Build of configuration Debug for project pololu3pi ****
make all 
Building file: ../main.cc
Invoking: AVR C++ Compiler
avr-g++ -Wall -g2 -gstabs -O0 -fpack-struct -fshort-enums -funsigned-char -funsigned-bitfields -fno-exceptions -mmcu=atmega328p -DF_CPU=20000000UL -MMD -MP -MF"main.d" -MT"main.d" -c -o "main.o" "../main.cc"
Finished building: ../main.cc
 
Building target: pololu3pi.elf
Invoking: AVR C++ Linker
avr-g++ -Wl,-Map,pololu3pi.map,--cref -mmcu=atmega328p -o "pololu3pi.elf"  ./main.o   -lpololu_atmega328p
Finished building target: pololu3pi.elf
 
Invoking: AVR Create Extended Listing
avr-objdump -h -S pololu3pi.elf  >"pololu3pi.lss"
Finished building: pololu3pi.lss
 
Invoking: Print Size
avr-size --format=avr --mcu=atmega328p pololu3pi.elf
AVR Memory Usage
----------------
Device: atmega328p

Program:    5734 bytes (17.5% Full)
(.text + .data + .bootloader)

Data:         76 bytes (3.7% Full)
(.data + .bss + .noinit)


Finished building: sizedummy
 
