22:45:25 **** Incremental Build of configuration Release for project pololu3pi ****
make all 
Building file: ../main.cc
Invoking: AVR C++ Compiler
avr-g++ -Wall -Os -fpack-struct -fshort-enums -funsigned-char -funsigned-bitfields -fno-exceptions -mmcu=atmega328p -DF_CPU=20000000UL -MMD -MP -MF"main.d" -MT"main.d" -c -o "main.o" "../main.cc"
Finished building: ../main.cc
 
Building target: pololu3pi.elf
Invoking: AVR C++ Linker
avr-g++ -Wl,-Map,pololu3pi.map,--cref -mmcu=atmega328p -o "pololu3pi.elf"  ./main.o   -lpololu_atmega328p
Finished building target: pololu3pi.elf
 
Invoking: AVR Create Extended Listing
avr-objdump -h -S pololu3pi.elf  >"pololu3pi.lss"
Finished building: pololu3pi.lss
 
Create Flash image (ihex format)
avr-objcopy -R .eeprom -O ihex pololu3pi.elf  "pololu3pi.hex"
Finished building: pololu3pi.hex
 
Create eeprom image (ihex format)
avr-objcopy -j .eeprom --no-change-warnings --change-section-lma .eeprom=0 -O ihex pololu3pi.elf  "pololu3pi.eep"
Finished building: pololu3pi.eep
 
Invoking: Print Size
avr-size --format=avr --mcu=atmega328p pololu3pi.elf
AVR Memory Usage
----------------
Device: atmega328p

Program:    5514 bytes (16.8% Full)
(.text + .data + .bootloader)

Data:         76 bytes (3.7% Full)
(.data + .bss + .noinit)


Finished building: sizedummy
 

22:45:25 Build Finished (took 176ms)

